[2020-09-22 21:33:35] local.ERROR: SQLSTATE[HY000] [1045] Access denied for user 'root'@'localhost' (using password: NO) (SQL: select * from information_schema.tables where table_schema = laravel and table_name = migrations and table_type = 'BASE TABLE') {"exception":"[object] (Illuminate\\Database\\QueryException(code: 1045): SQLSTATE[HY000] [1045] Access denied for user 'root'@'localhost' (using password: NO) (SQL: select * from information_schema.tables where table_schema = laravel and table_name = migrations and table_type = 'BASE TABLE') at /home/vagrant/Code/tdd/vendor/laravel/framework/src/Illuminate/Database/Connection.php:671)
[stacktrace]
#0 /home/vagrant/Code/tdd/vendor/laravel/framework/src/Illuminate/Database/Connection.php(631): Illuminate\\Database\\Connection->runQueryCallback()
#1 /home/vagrant/Code/tdd/vendor/laravel/framework/src/Illuminate/Database/Connection.php(339): Illuminate\\Database\\Connection->run()
#2 /home/vagrant/Code/tdd/vendor/laravel/framework/src/Illuminate/Database/Schema/MySqlBuilder.php(18): Illuminate\\Database\\Connection->select()
#3 /home/vagrant/Code/tdd/vendor/laravel/framework/src/Illuminate/Database/Migrations/DatabaseMigrationRepository.php(169): Illuminate\\Database\\Schema\\MySqlBuilder->hasTable()
#4 /home/vagrant/Code/tdd/vendor/laravel/framework/src/Illuminate/Database/Migrations/Migrator.php(608): Illuminate\\Database\\Migrations\\DatabaseMigrationRepository->repositoryExists()
#5 /home/vagrant/Code/tdd/vendor/laravel/framework/src/Illuminate/Database/Console/Migrations/MigrateCommand.php(106): Illuminate\\Database\\Migrations\\Migrator->repositoryExists()
#6 /home/vagrant/Code/tdd/vendor/laravel/framework/src/Illuminate/Database/Console/Migrations/MigrateCommand.php(77): Illuminate\\Database\\Console\\Migrations\\MigrateCommand->prepareDatabase()
#7 /home/vagrant/Code/tdd/vendor/laravel/framework/src/Illuminate/Database/Migrations/Migrator.php(541): Illuminate\\Database\\Console\\Migrations\\MigrateCommand->Illuminate\\Database\\Console\\Migrations\\{closure}()
#8 /home/vagrant/Code/tdd/vendor/laravel/framework/src/Illuminate/Database/Console/Migrations/MigrateCommand.php(94): Illuminate\\Database\\Migrations\\Migrator->usingConnection()
#9 [internal function]: Illuminate\\Database\\Console\\Migrations\\MigrateCommand->handle()
#10 /home/vagrant/Code/tdd/vendor/laravel/framework/src/Illuminate/Container/BoundMethod.php(37): call_user_func_array()
#11 /home/vagrant/Code/tdd/vendor/laravel/framework/src/Illuminate/Container/Util.php(40): Illuminate\\Container\\BoundMethod::Illuminate\\Container\\{closure}()
#12 /home/vagrant/Code/tdd/vendor/laravel/framework/src/Illuminate/Container/BoundMethod.php(95): Illuminate\\Container\\Util::unwrapIfClosure()
#13 /home/vagrant/Code/tdd/vendor/laravel/framework/src/Illuminate/Container/BoundMethod.php(39): Illuminate\\Container\\BoundMethod::callBoundMethod()
#14 /home/vagrant/Code/tdd/vendor/laravel/framework/src/Illuminate/Container/Container.php(596): Illuminate\\Container\\BoundMethod::call()
#15 /home/vagrant/Code/tdd/vendor/laravel/framework/src/Illuminate/Console/Command.php(136): Illuminate\\Container\\Container->call()
#16 /home/vagrant/Code/tdd/vendor/symfony/console/Command/Command.php(258): Illuminate\\Console\\Command->execute()
#17 /home/vagrant/Code/tdd/vendor/laravel/framework/src/Illuminate/Console/Command.php(121): Symfony\\Component\\Console\\Command\\Command->run()
#18 /home/vagrant/Code/tdd/vendor/symfony/console/Application.php(916): Illuminate\\Console\\Command->run()
#19 /home/vagrant/Code/tdd/vendor/symfony/console/Application.php(264): Symfony\\Component\\Console\\Application->doRunCommand()
#20 /home/vagrant/Code/tdd/vendor/symfony/console/Application.php(140): Symfony\\Component\\Console\\Application->doRun()
#21 /home/vagrant/Code/tdd/vendor/laravel/framework/src/Illuminate/Console/Application.php(93): Symfony\\Component\\Console\\Application->run()
#22 /home/vagrant/Code/tdd/vendor/laravel/framework/src/Illuminate/Foundation/Console/Kernel.php(129): Illuminate\\Console\\Application->run()
#23 /home/vagrant/Code/tdd/artisan(37): Illuminate\\Foundation\\Console\\Kernel->handle()
#24 {main}

[previous exception] [object] (PDOException(code: 1045): SQLSTATE[HY000] [1045] Access denied for user 'root'@'localhost' (using password: NO) at /home/vagrant/Code/tdd/vendor/laravel/framework/src/Illuminate/Database/Connectors/Connector.php:70)
[stacktrace]
#0 /home/vagrant/Code/tdd/vendor/laravel/framework/src/Illuminate/Database/Connectors/Connector.php(70): PDO->__construct()
#1 /home/vagrant/Code/tdd/vendor/laravel/framework/src/Illuminate/Database/Connectors/Connector.php(46): Illuminate\\Database\\Connectors\\Connector->createPdoConnection()
#2 /home/vagrant/Code/tdd/vendor/laravel/framework/src/Illuminate/Database/Connectors/MySqlConnector.php(24): Illuminate\\Database\\Connectors\\Connector->createConnection()
#3 /home/vagrant/Code/tdd/vendor/laravel/framework/src/Illuminate/Database/Connectors/ConnectionFactory.php(184): Illuminate\\Database\\Connectors\\MySqlConnector->connect()
#4 [internal function]: Illuminate\\Database\\Connectors\\ConnectionFactory->Illuminate\\Database\\Connectors\\{closure}()
#5 /home/vagrant/Code/tdd/vendor/laravel/framework/src/Illuminate/Database/Connection.php(926): call_user_func()
#6 /home/vagrant/Code/tdd/vendor/laravel/framework/src/Illuminate/Database/Connection.php(961): Illuminate\\Database\\Connection->getPdo()
#7 /home/vagrant/Code/tdd/vendor/laravel/framework/src/Illuminate/Database/Connection.php(405): Illuminate\\Database\\Connection->getReadPdo()
#8 /home/vagrant/Code/tdd/vendor/laravel/framework/src/Illuminate/Database/Connection.php(331): Illuminate\\Database\\Connection->getPdoForSelect()
#9 /home/vagrant/Code/tdd/vendor/laravel/framework/src/Illuminate/Database/Connection.php(664): Illuminate\\Database\\Connection->Illuminate\\Database\\{closure}()
#10 /home/vagrant/Code/tdd/vendor/laravel/framework/src/Illuminate/Database/Connection.php(631): Illuminate\\Database\\Connection->runQueryCallback()
#11 /home/vagrant/Code/tdd/vendor/laravel/framework/src/Illuminate/Database/Connection.php(339): Illuminate\\Database\\Connection->run()
#12 /home/vagrant/Code/tdd/vendor/laravel/framework/src/Illuminate/Database/Schema/MySqlBuilder.php(18): Illuminate\\Database\\Connection->select()
#13 /home/vagrant/Code/tdd/vendor/laravel/framework/src/Illuminate/Database/Migrations/DatabaseMigrationRepository.php(169): Illuminate\\Database\\Schema\\MySqlBuilder->hasTable()
#14 /home/vagrant/Code/tdd/vendor/laravel/framework/src/Illuminate/Database/Migrations/Migrator.php(608): Illuminate\\Database\\Migrations\\DatabaseMigrationRepository->repositoryExists()
#15 /home/vagrant/Code/tdd/vendor/laravel/framework/src/Illuminate/Database/Console/Migrations/MigrateCommand.php(106): Illuminate\\Database\\Migrations\\Migrator->repositoryExists()
#16 /home/vagrant/Code/tdd/vendor/laravel/framework/src/Illuminate/Database/Console/Migrations/MigrateCommand.php(77): Illuminate\\Database\\Console\\Migrations\\MigrateCommand->prepareDatabase()
#17 /home/vagrant/Code/tdd/vendor/laravel/framework/src/Illuminate/Database/Migrations/Migrator.php(541): Illuminate\\Database\\Console\\Migrations\\MigrateCommand->Illuminate\\Database\\Console\\Migrations\\{closure}()
#18 /home/vagrant/Code/tdd/vendor/laravel/framework/src/Illuminate/Database/Console/Migrations/MigrateCommand.php(94): Illuminate\\Database\\Migrations\\Migrator->usingConnection()
#19 [internal function]: Illuminate\\Database\\Console\\Migrations\\MigrateCommand->handle()
#20 /home/vagrant/Code/tdd/vendor/laravel/framework/src/Illuminate/Container/BoundMethod.php(37): call_user_func_array()
#21 /home/vagrant/Code/tdd/vendor/laravel/framework/src/Illuminate/Container/Util.php(40): Illuminate\\Container\\BoundMethod::Illuminate\\Container\\{closure}()
#22 /home/vagrant/Code/tdd/vendor/laravel/framework/src/Illuminate/Container/BoundMethod.php(95): Illuminate\\Container\\Util::unwrapIfClosure()
#23 /home/vagrant/Code/tdd/vendor/laravel/framework/src/Illuminate/Container/BoundMethod.php(39): Illuminate\\Container\\BoundMethod::callBoundMethod()
#24 /home/vagrant/Code/tdd/vendor/laravel/framework/src/Illuminate/Container/Container.php(596): Illuminate\\Container\\BoundMethod::call()
#25 /home/vagrant/Code/tdd/vendor/laravel/framework/src/Illuminate/Console/Command.php(136): Illuminate\\Container\\Container->call()
#26 /home/vagrant/Code/tdd/vendor/symfony/console/Command/Command.php(258): Illuminate\\Console\\Command->execute()
#27 /home/vagrant/Code/tdd/vendor/laravel/framework/src/Illuminate/Console/Command.php(121): Symfony\\Component\\Console\\Command\\Command->run()
#28 /home/vagrant/Code/tdd/vendor/symfony/console/Application.php(916): Illuminate\\Console\\Command->run()
#29 /home/vagrant/Code/tdd/vendor/symfony/console/Application.php(264): Symfony\\Component\\Console\\Application->doRunCommand()
#30 /home/vagrant/Code/tdd/vendor/symfony/console/Application.php(140): Symfony\\Component\\Console\\Application->doRun()
#31 /home/vagrant/Code/tdd/vendor/laravel/framework/src/Illuminate/Console/Application.php(93): Symfony\\Component\\Console\\Application->run()
#32 /home/vagrant/Code/tdd/vendor/laravel/framework/src/Illuminate/Foundation/Console/Kernel.php(129): Illuminate\\Console\\Application->run()
#33 /home/vagrant/Code/tdd/artisan(37): Illuminate\\Foundation\\Console\\Kernel->handle()
#34 {main}
"} 
[2020-09-22 21:34:02] local.ERROR: SQLSTATE[HY000] [1049] Unknown database 'tdd' (SQL: select * from information_schema.tables where table_schema = tdd and table_name = migrations and table_type = 'BASE TABLE') {"exception":"[object] (Illuminate\\Database\\QueryException(code: 1049): SQLSTATE[HY000] [1049] Unknown database 'tdd' (SQL: select * from information_schema.tables where table_schema = tdd and table_name = migrations and table_type = 'BASE TABLE') at /home/vagrant/Code/tdd/vendor/laravel/framework/src/Illuminate/Database/Connection.php:671)
[stacktrace]
#0 /home/vagrant/Code/tdd/vendor/laravel/framework/src/Illuminate/Database/Connection.php(631): Illuminate\\Database\\Connection->runQueryCallback()
#1 /home/vagrant/Code/tdd/vendor/laravel/framework/src/Illuminate/Database/Connection.php(339): Illuminate\\Database\\Connection->run()
#2 /home/vagrant/Code/tdd/vendor/laravel/framework/src/Illuminate/Database/Schema/MySqlBuilder.php(18): Illuminate\\Database\\Connection->select()
#3 /home/vagrant/Code/tdd/vendor/laravel/framework/src/Illuminate/Database/Migrations/DatabaseMigrationRepository.php(169): Illuminate\\Database\\Schema\\MySqlBuilder->hasTable()
#4 /home/vagrant/Code/tdd/vendor/laravel/framework/src/Illuminate/Database/Migrations/Migrator.php(608): Illuminate\\Database\\Migrations\\DatabaseMigrationRepository->repositoryExists()
#5 /home/vagrant/Code/tdd/vendor/laravel/framework/src/Illuminate/Database/Console/Migrations/MigrateCommand.php(106): Illuminate\\Database\\Migrations\\Migrator->repositoryExists()
#6 /home/vagrant/Code/tdd/vendor/laravel/framework/src/Illuminate/Database/Console/Migrations/MigrateCommand.php(77): Illuminate\\Database\\Console\\Migrations\\MigrateCommand->prepareDatabase()
#7 /home/vagrant/Code/tdd/vendor/laravel/framework/src/Illuminate/Database/Migrations/Migrator.php(541): Illuminate\\Database\\Console\\Migrations\\MigrateCommand->Illuminate\\Database\\Console\\Migrations\\{closure}()
#8 /home/vagrant/Code/tdd/vendor/laravel/framework/src/Illuminate/Database/Console/Migrations/MigrateCommand.php(94): Illuminate\\Database\\Migrations\\Migrator->usingConnection()
#9 [internal function]: Illuminate\\Database\\Console\\Migrations\\MigrateCommand->handle()
#10 /home/vagrant/Code/tdd/vendor/laravel/framework/src/Illuminate/Container/BoundMethod.php(37): call_user_func_array()
#11 /home/vagrant/Code/tdd/vendor/laravel/framework/src/Illuminate/Container/Util.php(40): Illuminate\\Container\\BoundMethod::Illuminate\\Container\\{closure}()
#12 /home/vagrant/Code/tdd/vendor/laravel/framework/src/Illuminate/Container/BoundMethod.php(95): Illuminate\\Container\\Util::unwrapIfClosure()
#13 /home/vagrant/Code/tdd/vendor/laravel/framework/src/Illuminate/Container/BoundMethod.php(39): Illuminate\\Container\\BoundMethod::callBoundMethod()
#14 /home/vagrant/Code/tdd/vendor/laravel/framework/src/Illuminate/Container/Container.php(596): Illuminate\\Container\\BoundMethod::call()
#15 /home/vagrant/Code/tdd/vendor/laravel/framework/src/Illuminate/Console/Command.php(136): Illuminate\\Container\\Container->call()
#16 /home/vagrant/Code/tdd/vendor/symfony/console/Command/Command.php(258): Illuminate\\Console\\Command->execute()
#17 /home/vagrant/Code/tdd/vendor/laravel/framework/src/Illuminate/Console/Command.php(121): Symfony\\Component\\Console\\Command\\Command->run()
#18 /home/vagrant/Code/tdd/vendor/symfony/console/Application.php(916): Illuminate\\Console\\Command->run()
#19 /home/vagrant/Code/tdd/vendor/symfony/console/Application.php(264): Symfony\\Component\\Console\\Application->doRunCommand()
#20 /home/vagrant/Code/tdd/vendor/symfony/console/Application.php(140): Symfony\\Component\\Console\\Application->doRun()
#21 /home/vagrant/Code/tdd/vendor/laravel/framework/src/Illuminate/Console/Application.php(93): Symfony\\Component\\Console\\Application->run()
#22 /home/vagrant/Code/tdd/vendor/laravel/framework/src/Illuminate/Foundation/Console/Kernel.php(129): Illuminate\\Console\\Application->run()
#23 /home/vagrant/Code/tdd/artisan(37): Illuminate\\Foundation\\Console\\Kernel->handle()
#24 {main}

[previous exception] [object] (PDOException(code: 1049): SQLSTATE[HY000] [1049] Unknown database 'tdd' at /home/vagrant/Code/tdd/vendor/laravel/framework/src/Illuminate/Database/Connectors/Connector.php:70)
[stacktrace]
#0 /home/vagrant/Code/tdd/vendor/laravel/framework/src/Illuminate/Database/Connectors/Connector.php(70): PDO->__construct()
#1 /home/vagrant/Code/tdd/vendor/laravel/framework/src/Illuminate/Database/Connectors/Connector.php(46): Illuminate\\Database\\Connectors\\Connector->createPdoConnection()
#2 /home/vagrant/Code/tdd/vendor/laravel/framework/src/Illuminate/Database/Connectors/MySqlConnector.php(24): Illuminate\\Database\\Connectors\\Connector->createConnection()
#3 /home/vagrant/Code/tdd/vendor/laravel/framework/src/Illuminate/Database/Connectors/ConnectionFactory.php(184): Illuminate\\Database\\Connectors\\MySqlConnector->connect()
#4 [internal function]: Illuminate\\Database\\Connectors\\ConnectionFactory->Illuminate\\Database\\Connectors\\{closure}()
#5 /home/vagrant/Code/tdd/vendor/laravel/framework/src/Illuminate/Database/Connection.php(926): call_user_func()
#6 /home/vagrant/Code/tdd/vendor/laravel/framework/src/Illuminate/Database/Connection.php(961): Illuminate\\Database\\Connection->getPdo()
#7 /home/vagrant/Code/tdd/vendor/laravel/framework/src/Illuminate/Database/Connection.php(405): Illuminate\\Database\\Connection->getReadPdo()
#8 /home/vagrant/Code/tdd/vendor/laravel/framework/src/Illuminate/Database/Connection.php(331): Illuminate\\Database\\Connection->getPdoForSelect()
#9 /home/vagrant/Code/tdd/vendor/laravel/framework/src/Illuminate/Database/Connection.php(664): Illuminate\\Database\\Connection->Illuminate\\Database\\{closure}()
#10 /home/vagrant/Code/tdd/vendor/laravel/framework/src/Illuminate/Database/Connection.php(631): Illuminate\\Database\\Connection->runQueryCallback()
#11 /home/vagrant/Code/tdd/vendor/laravel/framework/src/Illuminate/Database/Connection.php(339): Illuminate\\Database\\Connection->run()
#12 /home/vagrant/Code/tdd/vendor/laravel/framework/src/Illuminate/Database/Schema/MySqlBuilder.php(18): Illuminate\\Database\\Connection->select()
#13 /home/vagrant/Code/tdd/vendor/laravel/framework/src/Illuminate/Database/Migrations/DatabaseMigrationRepository.php(169): Illuminate\\Database\\Schema\\MySqlBuilder->hasTable()
#14 /home/vagrant/Code/tdd/vendor/laravel/framework/src/Illuminate/Database/Migrations/Migrator.php(608): Illuminate\\Database\\Migrations\\DatabaseMigrationRepository->repositoryExists()
#15 /home/vagrant/Code/tdd/vendor/laravel/framework/src/Illuminate/Database/Console/Migrations/MigrateCommand.php(106): Illuminate\\Database\\Migrations\\Migrator->repositoryExists()
#16 /home/vagrant/Code/tdd/vendor/laravel/framework/src/Illuminate/Database/Console/Migrations/MigrateCommand.php(77): Illuminate\\Database\\Console\\Migrations\\MigrateCommand->prepareDatabase()
#17 /home/vagrant/Code/tdd/vendor/laravel/framework/src/Illuminate/Database/Migrations/Migrator.php(541): Illuminate\\Database\\Console\\Migrations\\MigrateCommand->Illuminate\\Database\\Console\\Migrations\\{closure}()
#18 /home/vagrant/Code/tdd/vendor/laravel/framework/src/Illuminate/Database/Console/Migrations/MigrateCommand.php(94): Illuminate\\Database\\Migrations\\Migrator->usingConnection()
#19 [internal function]: Illuminate\\Database\\Console\\Migrations\\MigrateCommand->handle()
#20 /home/vagrant/Code/tdd/vendor/laravel/framework/src/Illuminate/Container/BoundMethod.php(37): call_user_func_array()
#21 /home/vagrant/Code/tdd/vendor/laravel/framework/src/Illuminate/Container/Util.php(40): Illuminate\\Container\\BoundMethod::Illuminate\\Container\\{closure}()
#22 /home/vagrant/Code/tdd/vendor/laravel/framework/src/Illuminate/Container/BoundMethod.php(95): Illuminate\\Container\\Util::unwrapIfClosure()
#23 /home/vagrant/Code/tdd/vendor/laravel/framework/src/Illuminate/Container/BoundMethod.php(39): Illuminate\\Container\\BoundMethod::callBoundMethod()
#24 /home/vagrant/Code/tdd/vendor/laravel/framework/src/Illuminate/Container/Container.php(596): Illuminate\\Container\\BoundMethod::call()
#25 /home/vagrant/Code/tdd/vendor/laravel/framework/src/Illuminate/Console/Command.php(136): Illuminate\\Container\\Container->call()
#26 /home/vagrant/Code/tdd/vendor/symfony/console/Command/Command.php(258): Illuminate\\Console\\Command->execute()
#27 /home/vagrant/Code/tdd/vendor/laravel/framework/src/Illuminate/Console/Command.php(121): Symfony\\Component\\Console\\Command\\Command->run()
#28 /home/vagrant/Code/tdd/vendor/symfony/console/Application.php(916): Illuminate\\Console\\Command->run()
#29 /home/vagrant/Code/tdd/vendor/symfony/console/Application.php(264): Symfony\\Component\\Console\\Application->doRunCommand()
#30 /home/vagrant/Code/tdd/vendor/symfony/console/Application.php(140): Symfony\\Component\\Console\\Application->doRun()
#31 /home/vagrant/Code/tdd/vendor/laravel/framework/src/Illuminate/Console/Application.php(93): Symfony\\Component\\Console\\Application->run()
#32 /home/vagrant/Code/tdd/vendor/laravel/framework/src/Illuminate/Foundation/Console/Kernel.php(129): Illuminate\\Console\\Application->run()
#33 /home/vagrant/Code/tdd/artisan(37): Illuminate\\Foundation\\Console\\Kernel->handle()
#34 {main}
"} 
[2020-09-22 21:58:14] testing.ERROR: Target class [ConcertController] does not exist. {"exception":"[object] (Illuminate\\Contracts\\Container\\BindingResolutionException(code: 0): Target class [ConcertController] does not exist. at /home/vagrant/Code/tdd/vendor/laravel/framework/src/Illuminate/Container/Container.php:811)
[stacktrace]
#0 /home/vagrant/Code/tdd/vendor/laravel/framework/src/Illuminate/Container/Container.php(691): Illuminate\\Container\\Container->build()
#1 /home/vagrant/Code/tdd/vendor/laravel/framework/src/Illuminate/Foundation/Application.php(796): Illuminate\\Container\\Container->resolve()
#2 /home/vagrant/Code/tdd/vendor/laravel/framework/src/Illuminate/Container/Container.php(637): Illuminate\\Foundation\\Application->resolve()
#3 /home/vagrant/Code/tdd/vendor/laravel/framework/src/Illuminate/Foundation/Application.php(781): Illuminate\\Container\\Container->make()
#4 /home/vagrant/Code/tdd/vendor/laravel/framework/src/Illuminate/Routing/Route.php(269): Illuminate\\Foundation\\Application->make()
#5 /home/vagrant/Code/tdd/vendor/laravel/framework/src/Illuminate/Routing/Route.php(990): Illuminate\\Routing\\Route->getController()
#6 /home/vagrant/Code/tdd/vendor/laravel/framework/src/Illuminate/Routing/Route.php(951): Illuminate\\Routing\\Route->controllerMiddleware()
#7 /home/vagrant/Code/tdd/vendor/laravel/framework/src/Illuminate/Routing/Router.php(708): Illuminate\\Routing\\Route->gatherMiddleware()
#8 /home/vagrant/Code/tdd/vendor/laravel/framework/src/Illuminate/Routing/Router.php(684): Illuminate\\Routing\\Router->gatherRouteMiddleware()
#9 /home/vagrant/Code/tdd/vendor/laravel/framework/src/Illuminate/Routing/Router.php(668): Illuminate\\Routing\\Router->runRouteWithinStack()
#10 /home/vagrant/Code/tdd/vendor/laravel/framework/src/Illuminate/Routing/Router.php(634): Illuminate\\Routing\\Router->runRoute()
#11 /home/vagrant/Code/tdd/vendor/laravel/framework/src/Illuminate/Routing/Router.php(623): Illuminate\\Routing\\Router->dispatchToRoute()
#12 /home/vagrant/Code/tdd/vendor/laravel/framework/src/Illuminate/Foundation/Http/Kernel.php(166): Illuminate\\Routing\\Router->dispatch()
#13 /home/vagrant/Code/tdd/vendor/laravel/framework/src/Illuminate/Pipeline/Pipeline.php(128): Illuminate\\Foundation\\Http\\Kernel->Illuminate\\Foundation\\Http\\{closure}()
#14 /home/vagrant/Code/tdd/vendor/laravel/framework/src/Illuminate/Foundation/Http/Middleware/TransformsRequest.php(21): Illuminate\\Pipeline\\Pipeline->Illuminate\\Pipeline\\{closure}()
#15 /home/vagrant/Code/tdd/vendor/laravel/framework/src/Illuminate/Pipeline/Pipeline.php(167): Illuminate\\Foundation\\Http\\Middleware\\TransformsRequest->handle()
#16 /home/vagrant/Code/tdd/vendor/laravel/framework/src/Illuminate/Foundation/Http/Middleware/TransformsRequest.php(21): Illuminate\\Pipeline\\Pipeline->Illuminate\\Pipeline\\{closure}()
#17 /home/vagrant/Code/tdd/vendor/laravel/framework/src/Illuminate/Pipeline/Pipeline.php(167): Illuminate\\Foundation\\Http\\Middleware\\TransformsRequest->handle()
#18 /home/vagrant/Code/tdd/vendor/laravel/framework/src/Illuminate/Foundation/Http/Middleware/ValidatePostSize.php(27): Illuminate\\Pipeline\\Pipeline->Illuminate\\Pipeline\\{closure}()
#19 /home/vagrant/Code/tdd/vendor/laravel/framework/src/Illuminate/Pipeline/Pipeline.php(167): Illuminate\\Foundation\\Http\\Middleware\\ValidatePostSize->handle()
#20 /home/vagrant/Code/tdd/vendor/laravel/framework/src/Illuminate/Foundation/Http/Middleware/PreventRequestsDuringMaintenance.php(87): Illuminate\\Pipeline\\Pipeline->Illuminate\\Pipeline\\{closure}()
#21 /home/vagrant/Code/tdd/vendor/laravel/framework/src/Illuminate/Pipeline/Pipeline.php(167): Illuminate\\Foundation\\Http\\Middleware\\PreventRequestsDuringMaintenance->handle()
#22 /home/vagrant/Code/tdd/vendor/fruitcake/laravel-cors/src/HandleCors.php(37): Illuminate\\Pipeline\\Pipeline->Illuminate\\Pipeline\\{closure}()
#23 /home/vagrant/Code/tdd/vendor/laravel/framework/src/Illuminate/Pipeline/Pipeline.php(167): Fruitcake\\Cors\\HandleCors->handle()
#24 /home/vagrant/Code/tdd/vendor/fideloper/proxy/src/TrustProxies.php(57): Illuminate\\Pipeline\\Pipeline->Illuminate\\Pipeline\\{closure}()
#25 /home/vagrant/Code/tdd/vendor/laravel/framework/src/Illuminate/Pipeline/Pipeline.php(167): Fideloper\\Proxy\\TrustProxies->handle()
#26 /home/vagrant/Code/tdd/vendor/laravel/framework/src/Illuminate/Pipeline/Pipeline.php(103): Illuminate\\Pipeline\\Pipeline->Illuminate\\Pipeline\\{closure}()
#27 /home/vagrant/Code/tdd/vendor/laravel/framework/src/Illuminate/Foundation/Http/Kernel.php(141): Illuminate\\Pipeline\\Pipeline->then()
#28 /home/vagrant/Code/tdd/vendor/laravel/framework/src/Illuminate/Foundation/Http/Kernel.php(110): Illuminate\\Foundation\\Http\\Kernel->sendRequestThroughRouter()
#29 /home/vagrant/Code/tdd/vendor/laravel/framework/src/Illuminate/Foundation/Testing/Concerns/MakesHttpRequests.php(508): Illuminate\\Foundation\\Http\\Kernel->handle()
#30 /home/vagrant/Code/tdd/vendor/laravel/framework/src/Illuminate/Foundation/Testing/Concerns/MakesHttpRequests.php(292): Illuminate\\Foundation\\Testing\\TestCase->call()
#31 /home/vagrant/Code/tdd/tests/Feature/ConcertTest.php(32): Illuminate\\Foundation\\Testing\\TestCase->get()
#32 /home/vagrant/Code/tdd/vendor/phpunit/phpunit/src/Framework/TestCase.php(1533): Tests\\Feature\\ConcertTest->testUserCanSeeConcert()
#33 /home/vagrant/Code/tdd/vendor/phpunit/phpunit/src/Framework/TestCase.php(1139): PHPUnit\\Framework\\TestCase->runTest()
#34 /home/vagrant/Code/tdd/vendor/phpunit/phpunit/src/Framework/TestResult.php(730): PHPUnit\\Framework\\TestCase->runBare()
#35 /home/vagrant/Code/tdd/vendor/phpunit/phpunit/src/Framework/TestCase.php(880): PHPUnit\\Framework\\TestResult->run()
#36 /home/vagrant/Code/tdd/vendor/phpunit/phpunit/src/Framework/TestSuite.php(665): PHPUnit\\Framework\\TestCase->run()
#37 /home/vagrant/Code/tdd/vendor/phpunit/phpunit/src/Framework/TestSuite.php(665): PHPUnit\\Framework\\TestSuite->run()
#38 /home/vagrant/Code/tdd/vendor/phpunit/phpunit/src/Framework/TestSuite.php(665): PHPUnit\\Framework\\TestSuite->run()
#39 /home/vagrant/Code/tdd/vendor/phpunit/phpunit/src/TextUI/TestRunner.php(671): PHPUnit\\Framework\\TestSuite->run()
#40 /home/vagrant/Code/tdd/vendor/phpunit/phpunit/src/TextUI/Command.php(148): PHPUnit\\TextUI\\TestRunner->run()
#41 /home/vagrant/Code/tdd/vendor/phpunit/phpunit/src/TextUI/Command.php(101): PHPUnit\\TextUI\\Command->run()
#42 /home/vagrant/Code/tdd/vendor/phpunit/phpunit/phpunit(61): PHPUnit\\TextUI\\Command::main()
#43 {main}

[previous exception] [object] (ReflectionException(code: -1): Class ConcertController does not exist at /home/vagrant/Code/tdd/vendor/laravel/framework/src/Illuminate/Container/Container.php:809)
[stacktrace]
#0 /home/vagrant/Code/tdd/vendor/laravel/framework/src/Illuminate/Container/Container.php(809): ReflectionClass->__construct()
#1 /home/vagrant/Code/tdd/vendor/laravel/framework/src/Illuminate/Container/Container.php(691): Illuminate\\Container\\Container->build()
#2 /home/vagrant/Code/tdd/vendor/laravel/framework/src/Illuminate/Foundation/Application.php(796): Illuminate\\Container\\Container->resolve()
#3 /home/vagrant/Code/tdd/vendor/laravel/framework/src/Illuminate/Container/Container.php(637): Illuminate\\Foundation\\Application->resolve()
#4 /home/vagrant/Code/tdd/vendor/laravel/framework/src/Illuminate/Foundation/Application.php(781): Illuminate\\Container\\Container->make()
#5 /home/vagrant/Code/tdd/vendor/laravel/framework/src/Illuminate/Routing/Route.php(269): Illuminate\\Foundation\\Application->make()
#6 /home/vagrant/Code/tdd/vendor/laravel/framework/src/Illuminate/Routing/Route.php(990): Illuminate\\Routing\\Route->getController()
#7 /home/vagrant/Code/tdd/vendor/laravel/framework/src/Illuminate/Routing/Route.php(951): Illuminate\\Routing\\Route->controllerMiddleware()
#8 /home/vagrant/Code/tdd/vendor/laravel/framework/src/Illuminate/Routing/Router.php(708): Illuminate\\Routing\\Route->gatherMiddleware()
#9 /home/vagrant/Code/tdd/vendor/laravel/framework/src/Illuminate/Routing/Router.php(684): Illuminate\\Routing\\Router->gatherRouteMiddleware()
#10 /home/vagrant/Code/tdd/vendor/laravel/framework/src/Illuminate/Routing/Router.php(668): Illuminate\\Routing\\Router->runRouteWithinStack()
#11 /home/vagrant/Code/tdd/vendor/laravel/framework/src/Illuminate/Routing/Router.php(634): Illuminate\\Routing\\Router->runRoute()
#12 /home/vagrant/Code/tdd/vendor/laravel/framework/src/Illuminate/Routing/Router.php(623): Illuminate\\Routing\\Router->dispatchToRoute()
#13 /home/vagrant/Code/tdd/vendor/laravel/framework/src/Illuminate/Foundation/Http/Kernel.php(166): Illuminate\\Routing\\Router->dispatch()
#14 /home/vagrant/Code/tdd/vendor/laravel/framework/src/Illuminate/Pipeline/Pipeline.php(128): Illuminate\\Foundation\\Http\\Kernel->Illuminate\\Foundation\\Http\\{closure}()
#15 /home/vagrant/Code/tdd/vendor/laravel/framework/src/Illuminate/Foundation/Http/Middleware/TransformsRequest.php(21): Illuminate\\Pipeline\\Pipeline->Illuminate\\Pipeline\\{closure}()
#16 /home/vagrant/Code/tdd/vendor/laravel/framework/src/Illuminate/Pipeline/Pipeline.php(167): Illuminate\\Foundation\\Http\\Middleware\\TransformsRequest->handle()
#17 /home/vagrant/Code/tdd/vendor/laravel/framework/src/Illuminate/Foundation/Http/Middleware/TransformsRequest.php(21): Illuminate\\Pipeline\\Pipeline->Illuminate\\Pipeline\\{closure}()
#18 /home/vagrant/Code/tdd/vendor/laravel/framework/src/Illuminate/Pipeline/Pipeline.php(167): Illuminate\\Foundation\\Http\\Middleware\\TransformsRequest->handle()
#19 /home/vagrant/Code/tdd/vendor/laravel/framework/src/Illuminate/Foundation/Http/Middleware/ValidatePostSize.php(27): Illuminate\\Pipeline\\Pipeline->Illuminate\\Pipeline\\{closure}()
#20 /home/vagrant/Code/tdd/vendor/laravel/framework/src/Illuminate/Pipeline/Pipeline.php(167): Illuminate\\Foundation\\Http\\Middleware\\ValidatePostSize->handle()
#21 /home/vagrant/Code/tdd/vendor/laravel/framework/src/Illuminate/Foundation/Http/Middleware/PreventRequestsDuringMaintenance.php(87): Illuminate\\Pipeline\\Pipeline->Illuminate\\Pipeline\\{closure}()
#22 /home/vagrant/Code/tdd/vendor/laravel/framework/src/Illuminate/Pipeline/Pipeline.php(167): Illuminate\\Foundation\\Http\\Middleware\\PreventRequestsDuringMaintenance->handle()
#23 /home/vagrant/Code/tdd/vendor/fruitcake/laravel-cors/src/HandleCors.php(37): Illuminate\\Pipeline\\Pipeline->Illuminate\\Pipeline\\{closure}()
#24 /home/vagrant/Code/tdd/vendor/laravel/framework/src/Illuminate/Pipeline/Pipeline.php(167): Fruitcake\\Cors\\HandleCors->handle()
#25 /home/vagrant/Code/tdd/vendor/fideloper/proxy/src/TrustProxies.php(57): Illuminate\\Pipeline\\Pipeline->Illuminate\\Pipeline\\{closure}()
#26 /home/vagrant/Code/tdd/vendor/laravel/framework/src/Illuminate/Pipeline/Pipeline.php(167): Fideloper\\Proxy\\TrustProxies->handle()
#27 /home/vagrant/Code/tdd/vendor/laravel/framework/src/Illuminate/Pipeline/Pipeline.php(103): Illuminate\\Pipeline\\Pipeline->Illuminate\\Pipeline\\{closure}()
#28 /home/vagrant/Code/tdd/vendor/laravel/framework/src/Illuminate/Foundation/Http/Kernel.php(141): Illuminate\\Pipeline\\Pipeline->then()
#29 /home/vagrant/Code/tdd/vendor/laravel/framework/src/Illuminate/Foundation/Http/Kernel.php(110): Illuminate\\Foundation\\Http\\Kernel->sendRequestThroughRouter()
#30 /home/vagrant/Code/tdd/vendor/laravel/framework/src/Illuminate/Foundation/Testing/Concerns/MakesHttpRequests.php(508): Illuminate\\Foundation\\Http\\Kernel->handle()
#31 /home/vagrant/Code/tdd/vendor/laravel/framework/src/Illuminate/Foundation/Testing/Concerns/MakesHttpRequests.php(292): Illuminate\\Foundation\\Testing\\TestCase->call()
#32 /home/vagrant/Code/tdd/tests/Feature/ConcertTest.php(32): Illuminate\\Foundation\\Testing\\TestCase->get()
#33 /home/vagrant/Code/tdd/vendor/phpunit/phpunit/src/Framework/TestCase.php(1533): Tests\\Feature\\ConcertTest->testUserCanSeeConcert()
#34 /home/vagrant/Code/tdd/vendor/phpunit/phpunit/src/Framework/TestCase.php(1139): PHPUnit\\Framework\\TestCase->runTest()
#35 /home/vagrant/Code/tdd/vendor/phpunit/phpunit/src/Framework/TestResult.php(730): PHPUnit\\Framework\\TestCase->runBare()
#36 /home/vagrant/Code/tdd/vendor/phpunit/phpunit/src/Framework/TestCase.php(880): PHPUnit\\Framework\\TestResult->run()
#37 /home/vagrant/Code/tdd/vendor/phpunit/phpunit/src/Framework/TestSuite.php(665): PHPUnit\\Framework\\TestCase->run()
#38 /home/vagrant/Code/tdd/vendor/phpunit/phpunit/src/Framework/TestSuite.php(665): PHPUnit\\Framework\\TestSuite->run()
#39 /home/vagrant/Code/tdd/vendor/phpunit/phpunit/src/Framework/TestSuite.php(665): PHPUnit\\Framework\\TestSuite->run()
#40 /home/vagrant/Code/tdd/vendor/phpunit/phpunit/src/TextUI/TestRunner.php(671): PHPUnit\\Framework\\TestSuite->run()
#41 /home/vagrant/Code/tdd/vendor/phpunit/phpunit/src/TextUI/Command.php(148): PHPUnit\\TextUI\\TestRunner->run()
#42 /home/vagrant/Code/tdd/vendor/phpunit/phpunit/src/TextUI/Command.php(101): PHPUnit\\TextUI\\Command->run()
#43 /home/vagrant/Code/tdd/vendor/phpunit/phpunit/phpunit(61): PHPUnit\\TextUI\\Command::main()
#44 {main}
"} 
[2020-09-22 21:58:52] testing.ERROR: Target class [ConcertController] does not exist. {"exception":"[object] (Illuminate\\Contracts\\Container\\BindingResolutionException(code: 0): Target class [ConcertController] does not exist. at /home/vagrant/Code/tdd/vendor/laravel/framework/src/Illuminate/Container/Container.php:811)
[stacktrace]
#0 /home/vagrant/Code/tdd/vendor/laravel/framework/src/Illuminate/Container/Container.php(691): Illuminate\\Container\\Container->build()
#1 /home/vagrant/Code/tdd/vendor/laravel/framework/src/Illuminate/Foundation/Application.php(796): Illuminate\\Container\\Container->resolve()
#2 /home/vagrant/Code/tdd/vendor/laravel/framework/src/Illuminate/Container/Container.php(637): Illuminate\\Foundation\\Application->resolve()
#3 /home/vagrant/Code/tdd/vendor/laravel/framework/src/Illuminate/Foundation/Application.php(781): Illuminate\\Container\\Container->make()
#4 /home/vagrant/Code/tdd/vendor/laravel/framework/src/Illuminate/Routing/Route.php(269): Illuminate\\Foundation\\Application->make()
#5 /home/vagrant/Code/tdd/vendor/laravel/framework/src/Illuminate/Routing/Route.php(990): Illuminate\\Routing\\Route->getController()
#6 /home/vagrant/Code/tdd/vendor/laravel/framework/src/Illuminate/Routing/Route.php(951): Illuminate\\Routing\\Route->controllerMiddleware()
#7 /home/vagrant/Code/tdd/vendor/laravel/framework/src/Illuminate/Routing/Router.php(708): Illuminate\\Routing\\Route->gatherMiddleware()
#8 /home/vagrant/Code/tdd/vendor/laravel/framework/src/Illuminate/Routing/Router.php(684): Illuminate\\Routing\\Router->gatherRouteMiddleware()
#9 /home/vagrant/Code/tdd/vendor/laravel/framework/src/Illuminate/Routing/Router.php(668): Illuminate\\Routing\\Router->runRouteWithinStack()
#10 /home/vagrant/Code/tdd/vendor/laravel/framework/src/Illuminate/Routing/Router.php(634): Illuminate\\Routing\\Router->runRoute()
#11 /home/vagrant/Code/tdd/vendor/laravel/framework/src/Illuminate/Routing/Router.php(623): Illuminate\\Routing\\Router->dispatchToRoute()
#12 /home/vagrant/Code/tdd/vendor/laravel/framework/src/Illuminate/Foundation/Http/Kernel.php(166): Illuminate\\Routing\\Router->dispatch()
#13 /home/vagrant/Code/tdd/vendor/laravel/framework/src/Illuminate/Pipeline/Pipeline.php(128): Illuminate\\Foundation\\Http\\Kernel->Illuminate\\Foundation\\Http\\{closure}()
#14 /home/vagrant/Code/tdd/vendor/laravel/framework/src/Illuminate/Foundation/Http/Middleware/TransformsRequest.php(21): Illuminate\\Pipeline\\Pipeline->Illuminate\\Pipeline\\{closure}()
#15 /home/vagrant/Code/tdd/vendor/laravel/framework/src/Illuminate/Pipeline/Pipeline.php(167): Illuminate\\Foundation\\Http\\Middleware\\TransformsRequest->handle()
#16 /home/vagrant/Code/tdd/vendor/laravel/framework/src/Illuminate/Foundation/Http/Middleware/TransformsRequest.php(21): Illuminate\\Pipeline\\Pipeline->Illuminate\\Pipeline\\{closure}()
#17 /home/vagrant/Code/tdd/vendor/laravel/framework/src/Illuminate/Pipeline/Pipeline.php(167): Illuminate\\Foundation\\Http\\Middleware\\TransformsRequest->handle()
#18 /home/vagrant/Code/tdd/vendor/laravel/framework/src/Illuminate/Foundation/Http/Middleware/ValidatePostSize.php(27): Illuminate\\Pipeline\\Pipeline->Illuminate\\Pipeline\\{closure}()
#19 /home/vagrant/Code/tdd/vendor/laravel/framework/src/Illuminate/Pipeline/Pipeline.php(167): Illuminate\\Foundation\\Http\\Middleware\\ValidatePostSize->handle()
#20 /home/vagrant/Code/tdd/vendor/laravel/framework/src/Illuminate/Foundation/Http/Middleware/PreventRequestsDuringMaintenance.php(87): Illuminate\\Pipeline\\Pipeline->Illuminate\\Pipeline\\{closure}()
#21 /home/vagrant/Code/tdd/vendor/laravel/framework/src/Illuminate/Pipeline/Pipeline.php(167): Illuminate\\Foundation\\Http\\Middleware\\PreventRequestsDuringMaintenance->handle()
#22 /home/vagrant/Code/tdd/vendor/fruitcake/laravel-cors/src/HandleCors.php(37): Illuminate\\Pipeline\\Pipeline->Illuminate\\Pipeline\\{closure}()
#23 /home/vagrant/Code/tdd/vendor/laravel/framework/src/Illuminate/Pipeline/Pipeline.php(167): Fruitcake\\Cors\\HandleCors->handle()
#24 /home/vagrant/Code/tdd/vendor/fideloper/proxy/src/TrustProxies.php(57): Illuminate\\Pipeline\\Pipeline->Illuminate\\Pipeline\\{closure}()
#25 /home/vagrant/Code/tdd/vendor/laravel/framework/src/Illuminate/Pipeline/Pipeline.php(167): Fideloper\\Proxy\\TrustProxies->handle()
#26 /home/vagrant/Code/tdd/vendor/laravel/framework/src/Illuminate/Pipeline/Pipeline.php(103): Illuminate\\Pipeline\\Pipeline->Illuminate\\Pipeline\\{closure}()
#27 /home/vagrant/Code/tdd/vendor/laravel/framework/src/Illuminate/Foundation/Http/Kernel.php(141): Illuminate\\Pipeline\\Pipeline->then()
#28 /home/vagrant/Code/tdd/vendor/laravel/framework/src/Illuminate/Foundation/Http/Kernel.php(110): Illuminate\\Foundation\\Http\\Kernel->sendRequestThroughRouter()
#29 /home/vagrant/Code/tdd/vendor/laravel/framework/src/Illuminate/Foundation/Testing/Concerns/MakesHttpRequests.php(508): Illuminate\\Foundation\\Http\\Kernel->handle()
#30 /home/vagrant/Code/tdd/vendor/laravel/framework/src/Illuminate/Foundation/Testing/Concerns/MakesHttpRequests.php(292): Illuminate\\Foundation\\Testing\\TestCase->call()
#31 /home/vagrant/Code/tdd/tests/Feature/ConcertTest.php(32): Illuminate\\Foundation\\Testing\\TestCase->get()
#32 /home/vagrant/Code/tdd/vendor/phpunit/phpunit/src/Framework/TestCase.php(1533): Tests\\Feature\\ConcertTest->testUserCanSeeConcert()
#33 /home/vagrant/Code/tdd/vendor/phpunit/phpunit/src/Framework/TestCase.php(1139): PHPUnit\\Framework\\TestCase->runTest()
#34 /home/vagrant/Code/tdd/vendor/phpunit/phpunit/src/Framework/TestResult.php(730): PHPUnit\\Framework\\TestCase->runBare()
#35 /home/vagrant/Code/tdd/vendor/phpunit/phpunit/src/Framework/TestCase.php(880): PHPUnit\\Framework\\TestResult->run()
#36 /home/vagrant/Code/tdd/vendor/phpunit/phpunit/src/Framework/TestSuite.php(665): PHPUnit\\Framework\\TestCase->run()
#37 /home/vagrant/Code/tdd/vendor/phpunit/phpunit/src/Framework/TestSuite.php(665): PHPUnit\\Framework\\TestSuite->run()
#38 /home/vagrant/Code/tdd/vendor/phpunit/phpunit/src/Framework/TestSuite.php(665): PHPUnit\\Framework\\TestSuite->run()
#39 /home/vagrant/Code/tdd/vendor/phpunit/phpunit/src/TextUI/TestRunner.php(671): PHPUnit\\Framework\\TestSuite->run()
#40 /home/vagrant/Code/tdd/vendor/phpunit/phpunit/src/TextUI/Command.php(148): PHPUnit\\TextUI\\TestRunner->run()
#41 /home/vagrant/Code/tdd/vendor/phpunit/phpunit/src/TextUI/Command.php(101): PHPUnit\\TextUI\\Command->run()
#42 /home/vagrant/Code/tdd/vendor/phpunit/phpunit/phpunit(61): PHPUnit\\TextUI\\Command::main()
#43 {main}

[previous exception] [object] (ReflectionException(code: -1): Class ConcertController does not exist at /home/vagrant/Code/tdd/vendor/laravel/framework/src/Illuminate/Container/Container.php:809)
[stacktrace]
#0 /home/vagrant/Code/tdd/vendor/laravel/framework/src/Illuminate/Container/Container.php(809): ReflectionClass->__construct()
#1 /home/vagrant/Code/tdd/vendor/laravel/framework/src/Illuminate/Container/Container.php(691): Illuminate\\Container\\Container->build()
#2 /home/vagrant/Code/tdd/vendor/laravel/framework/src/Illuminate/Foundation/Application.php(796): Illuminate\\Container\\Container->resolve()
#3 /home/vagrant/Code/tdd/vendor/laravel/framework/src/Illuminate/Container/Container.php(637): Illuminate\\Foundation\\Application->resolve()
#4 /home/vagrant/Code/tdd/vendor/laravel/framework/src/Illuminate/Foundation/Application.php(781): Illuminate\\Container\\Container->make()
#5 /home/vagrant/Code/tdd/vendor/laravel/framework/src/Illuminate/Routing/Route.php(269): Illuminate\\Foundation\\Application->make()
#6 /home/vagrant/Code/tdd/vendor/laravel/framework/src/Illuminate/Routing/Route.php(990): Illuminate\\Routing\\Route->getController()
#7 /home/vagrant/Code/tdd/vendor/laravel/framework/src/Illuminate/Routing/Route.php(951): Illuminate\\Routing\\Route->controllerMiddleware()
#8 /home/vagrant/Code/tdd/vendor/laravel/framework/src/Illuminate/Routing/Router.php(708): Illuminate\\Routing\\Route->gatherMiddleware()
#9 /home/vagrant/Code/tdd/vendor/laravel/framework/src/Illuminate/Routing/Router.php(684): Illuminate\\Routing\\Router->gatherRouteMiddleware()
#10 /home/vagrant/Code/tdd/vendor/laravel/framework/src/Illuminate/Routing/Router.php(668): Illuminate\\Routing\\Router->runRouteWithinStack()
#11 /home/vagrant/Code/tdd/vendor/laravel/framework/src/Illuminate/Routing/Router.php(634): Illuminate\\Routing\\Router->runRoute()
#12 /home/vagrant/Code/tdd/vendor/laravel/framework/src/Illuminate/Routing/Router.php(623): Illuminate\\Routing\\Router->dispatchToRoute()
#13 /home/vagrant/Code/tdd/vendor/laravel/framework/src/Illuminate/Foundation/Http/Kernel.php(166): Illuminate\\Routing\\Router->dispatch()
#14 /home/vagrant/Code/tdd/vendor/laravel/framework/src/Illuminate/Pipeline/Pipeline.php(128): Illuminate\\Foundation\\Http\\Kernel->Illuminate\\Foundation\\Http\\{closure}()
#15 /home/vagrant/Code/tdd/vendor/laravel/framework/src/Illuminate/Foundation/Http/Middleware/TransformsRequest.php(21): Illuminate\\Pipeline\\Pipeline->Illuminate\\Pipeline\\{closure}()
#16 /home/vagrant/Code/tdd/vendor/laravel/framework/src/Illuminate/Pipeline/Pipeline.php(167): Illuminate\\Foundation\\Http\\Middleware\\TransformsRequest->handle()
#17 /home/vagrant/Code/tdd/vendor/laravel/framework/src/Illuminate/Foundation/Http/Middleware/TransformsRequest.php(21): Illuminate\\Pipeline\\Pipeline->Illuminate\\Pipeline\\{closure}()
#18 /home/vagrant/Code/tdd/vendor/laravel/framework/src/Illuminate/Pipeline/Pipeline.php(167): Illuminate\\Foundation\\Http\\Middleware\\TransformsRequest->handle()
#19 /home/vagrant/Code/tdd/vendor/laravel/framework/src/Illuminate/Foundation/Http/Middleware/ValidatePostSize.php(27): Illuminate\\Pipeline\\Pipeline->Illuminate\\Pipeline\\{closure}()
#20 /home/vagrant/Code/tdd/vendor/laravel/framework/src/Illuminate/Pipeline/Pipeline.php(167): Illuminate\\Foundation\\Http\\Middleware\\ValidatePostSize->handle()
#21 /home/vagrant/Code/tdd/vendor/laravel/framework/src/Illuminate/Foundation/Http/Middleware/PreventRequestsDuringMaintenance.php(87): Illuminate\\Pipeline\\Pipeline->Illuminate\\Pipeline\\{closure}()
#22 /home/vagrant/Code/tdd/vendor/laravel/framework/src/Illuminate/Pipeline/Pipeline.php(167): Illuminate\\Foundation\\Http\\Middleware\\PreventRequestsDuringMaintenance->handle()
#23 /home/vagrant/Code/tdd/vendor/fruitcake/laravel-cors/src/HandleCors.php(37): Illuminate\\Pipeline\\Pipeline->Illuminate\\Pipeline\\{closure}()
#24 /home/vagrant/Code/tdd/vendor/laravel/framework/src/Illuminate/Pipeline/Pipeline.php(167): Fruitcake\\Cors\\HandleCors->handle()
#25 /home/vagrant/Code/tdd/vendor/fideloper/proxy/src/TrustProxies.php(57): Illuminate\\Pipeline\\Pipeline->Illuminate\\Pipeline\\{closure}()
#26 /home/vagrant/Code/tdd/vendor/laravel/framework/src/Illuminate/Pipeline/Pipeline.php(167): Fideloper\\Proxy\\TrustProxies->handle()
#27 /home/vagrant/Code/tdd/vendor/laravel/framework/src/Illuminate/Pipeline/Pipeline.php(103): Illuminate\\Pipeline\\Pipeline->Illuminate\\Pipeline\\{closure}()
#28 /home/vagrant/Code/tdd/vendor/laravel/framework/src/Illuminate/Foundation/Http/Kernel.php(141): Illuminate\\Pipeline\\Pipeline->then()
#29 /home/vagrant/Code/tdd/vendor/laravel/framework/src/Illuminate/Foundation/Http/Kernel.php(110): Illuminate\\Foundation\\Http\\Kernel->sendRequestThroughRouter()
#30 /home/vagrant/Code/tdd/vendor/laravel/framework/src/Illuminate/Foundation/Testing/Concerns/MakesHttpRequests.php(508): Illuminate\\Foundation\\Http\\Kernel->handle()
#31 /home/vagrant/Code/tdd/vendor/laravel/framework/src/Illuminate/Foundation/Testing/Concerns/MakesHttpRequests.php(292): Illuminate\\Foundation\\Testing\\TestCase->call()
#32 /home/vagrant/Code/tdd/tests/Feature/ConcertTest.php(32): Illuminate\\Foundation\\Testing\\TestCase->get()
#33 /home/vagrant/Code/tdd/vendor/phpunit/phpunit/src/Framework/TestCase.php(1533): Tests\\Feature\\ConcertTest->testUserCanSeeConcert()
#34 /home/vagrant/Code/tdd/vendor/phpunit/phpunit/src/Framework/TestCase.php(1139): PHPUnit\\Framework\\TestCase->runTest()
#35 /home/vagrant/Code/tdd/vendor/phpunit/phpunit/src/Framework/TestResult.php(730): PHPUnit\\Framework\\TestCase->runBare()
#36 /home/vagrant/Code/tdd/vendor/phpunit/phpunit/src/Framework/TestCase.php(880): PHPUnit\\Framework\\TestResult->run()
#37 /home/vagrant/Code/tdd/vendor/phpunit/phpunit/src/Framework/TestSuite.php(665): PHPUnit\\Framework\\TestCase->run()
#38 /home/vagrant/Code/tdd/vendor/phpunit/phpunit/src/Framework/TestSuite.php(665): PHPUnit\\Framework\\TestSuite->run()
#39 /home/vagrant/Code/tdd/vendor/phpunit/phpunit/src/Framework/TestSuite.php(665): PHPUnit\\Framework\\TestSuite->run()
#40 /home/vagrant/Code/tdd/vendor/phpunit/phpunit/src/TextUI/TestRunner.php(671): PHPUnit\\Framework\\TestSuite->run()
#41 /home/vagrant/Code/tdd/vendor/phpunit/phpunit/src/TextUI/Command.php(148): PHPUnit\\TextUI\\TestRunner->run()
#42 /home/vagrant/Code/tdd/vendor/phpunit/phpunit/src/TextUI/Command.php(101): PHPUnit\\TextUI\\Command->run()
#43 /home/vagrant/Code/tdd/vendor/phpunit/phpunit/phpunit(61): PHPUnit\\TextUI\\Command::main()
#44 {main}
"} 
